Starting FIXED screenshot generation...

Found 859 Excel files and 96 Word files
[1/859] AI_ML_Change_Management_Plan_2025_PMI.xlsx
  Using sheet 0: 'Change Management Overview'
[2/859] AI_ML_Change_Request_Form.xlsx
  Using sheet 0: 'Change Management Overview'
[3/859] AI_ML_Communication_Plan.xlsx
  Using sheet 0: 'Communications Overview'
[4/859] AI_ML_Communications_Management_Plan_2025_PMI.xlsx
  Using sheet 0: 'Communications Overview'
[5/859] AI_ML_Comprehensive_Budget_with_Instructions_2025_PMI.xlsx
  Using sheet 1: 'Budget Summary'
[6/859] AI_ML_Data_Readiness_Assessment.xlsx
  Using sheet 0: 'Assessment Overview'
[7/859] AI_ML_High_Level_Requirements_List.xlsx
  Using sheet 0: 'Open Action Items'
[8/859] AI_ML_KPI_Dashboard_with_Instructions_2025_PMI.xlsx
  Using sheet 1: 'KPI Dashboard'
[9/859] AI_ML_KPI_Report_Dashboard_2025_PMI.xlsx
  Using sheet 0: 'KPI Dashboard'
[10/859] AI_ML_Lessons_Learned_2025_PMI.xlsx
  Using sheet 0: 'Lessons Learned Overview'
[11/859] AI_ML_Open_Action_Item_Log_2025_PMI.xlsx
  Using sheet 0: 'Open Action Items'
[12/859] AI_ML_Procurement_Management_Plan_2025_PMI.xlsx
  Using sheet 0: 'Procurement Overview'
[13/859] AI_ML_Procurement_Plan.xlsx
  Using sheet 0: 'Procurement Overview'
[14/859] AI_ML_Project_Closure_Report.xlsx
  Using sheet 0: 'Open Action Items'
[15/859] AI_ML_Project_Kickoff_Presentation.xlsx
  Using sheet 0: 'Open Action Items'
[16/859] AI_ML_Quality_Management_Plan_2025_PMI.xlsx
  Using sheet 0: 'Quality Overview'
[17/859] AI_ML_RAID_Log.xlsx
  Using sheet 0: 'Open Action Items'
[18/859] AI_ML_Requirements_Traceability_Matrix.xlsx
  Using sheet 0: 'Open Action Items'
[19/859] AI_ML_Resource_Management_Plan.xlsx
  Using sheet 0: 'Resource Overview'
[20/859] AI_ML_Resource_Plan_Staffing_Plan_2025_PMI.xlsx
  Using sheet 0: 'Resource Overview'
[21/859] AI_ML_Risk_Management_Plan.xlsx
  Using sheet 0: 'Change Management Overview'
[22/859] AI_ML_Stakeholder_Engagement_Plan_2025_PMI.xlsx
  Using sheet 0: 'Engagement Overview'
[23/859] AI_ML_Stakeholder_Register.xlsx
  Using sheet 0: 'Communications Overview'
[24/859] AI_ML_Stakeholder_Register_Analysis.xlsx
  Using sheet 0: 'Communications Overview'
[25/859] AI_ML_Status_Report.xlsx
  Using sheet 0: 'Open Action Items'
[26/859] AI_ML_Training_Budget_Estimates_2025_PMI.xlsx
  Using sheet 0: 'Budget Summary'
[27/859] AI_ML_Training_Needs_Assessment_2025_PMI.xlsx
  Using sheet 0: 'Assessment Overview'
[28/859] AI_ML_Training_Schedule_2025_PMI.xlsx
  Using sheet 0: 'Training Schedule Overview'
[29/859] AI_ML_WBS_ProjectPlan_Exact_Template_2025_PMI.xlsx
  Using sheet 0: 'Formula Documentation'
[30/859] Business_Process_Improvement_Action_Item_Log.xlsx
  Using sheet 0: 'Open Action Items'
[31/859] Business_Process_Improvement_Change_Management_Plan.xlsx
  Using sheet 0: 'Change Management Overview'
[32/859] Business_Process_Improvement_Change_Request_Form.xlsx
  Using sheet 0: 'Change Management Overview'
[33/859] Business_Process_Improvement_Communication_Plan.xlsx
  Using sheet 0: 'Communications Overview'
[34/859] Business_Process_Improvement_Communications_Management_Plan.xlsx
  Using sheet 0: 'Communications Overview'
[35/859] Business_Process_Improvement_Comprehensive_Budget.xlsx
  Using sheet 1: 'Budget Summary'
[36/859] Business_Process_Improvement_Data_Readiness_Assessment.xlsx
  Using sheet 0: 'Assessment Overview'
[37/859] Business_Process_Improvement_High_Level_Requirements_List.xlsx
  Using sheet 0: 'Open Action Items'
[38/859] Business_Process_Improvement_KPI_Dashboard.xlsx
  Using sheet 1: 'KPI Dashboard'
[39/859] Business_Process_Improvement_Lessons_Learned.xlsx
  Using sheet 0: 'Lessons Learned Overview'
[40/859] Business_Process_Improvement_Procurement_Management_Plan.xlsx
  Using sheet 0: 'Procurement Overview'
[41/859] Business_Process_Improvement_Procurement_Plan.xlsx
  Using sheet 0: 'Procurement Overview'
[42/859] Business_Process_Improvement_Project_Closure_Report.xlsx
  Using sheet 0: 'Open Action Items'
[43/859] Business_Process_Improvement_Project_Kickoff_Presentation.xlsx
  Using sheet 0: 'Open Action Items'
[44/859] Business_Process_Improvement_Quality_Management_Plan.xlsx
  Using sheet 0: 'Change Management Overview'
[45/859] Business_Process_Improvement_RAID_Log.xlsx
  Using sheet 0: 'Open Action Items'
[46/859] Business_Process_Improvement_Requirements_Traceability_Matrix.xlsx
  Using sheet 0: 'Open Action Items'
[47/859] Business_Process_Improvement_Resource_Management_Plan.xlsx
  Using sheet 0: 'Resource Overview'
[48/859] Business_Process_Improvement_Resource_Plan_Staffing_Plan.xlsx
  Using sheet 0: 'Resource Overview'
[49/859] Business_Process_Improvement_Risk_Management_Plan.xlsx
  Using sheet 0: 'Change Management Overview'
[50/859] Business_Process_Improvement_Stakeholder_Engagement_Plan.xlsx
  Using sheet 0: 'Engagement Overview'
[51/859] Business_Process_Improvement_Stakeholder_Register.xlsx
  Using sheet 0: 'Communications Overview'
[52/859] Business_Process_Improvement_Stakeholder_Register_Analysis.xlsx
  Using sheet 0: 'Communications Overview'
[53/859] Business_Process_Improvement_Status_Report.xlsx
  Using sheet 0: 'Open Action Items'
[54/859] Business_Process_Improvement_Training_Budget_Estimates.xlsx
  Using sheet 1: 'Budget Summary'
[55/859] Business_Process_Improvement_Training_Needs_Assessment.xlsx
  Using sheet 0: 'Assessment Overview'
[56/859] Business_Process_Improvement_Training_Schedule.xlsx
  Using sheet 0: 'Training Schedule Overview'
[57/859] Business_Process_Improvement_WBS.xlsx
  Using sheet 0: 'Formula Documentation'
[58/859] Cloud_Migration_Action_Item_Log.xlsx
  Using sheet 0: 'Open Action Items'
[59/859] Cloud_Migration_Change_Management_Plan.xlsx
  Using sheet 0: 'Change Management Overview'
[60/859] Cloud_Migration_Change_Request_Form.xlsx
  Using sheet 0: 'Change Management Overview'
[61/859] Cloud_Migration_Communication_Plan.xlsx
  Using sheet 0: 'Communications Overview'
[62/859] Cloud_Migration_Communications_Management_Plan.xlsx
  Using sheet 0: 'Communications Overview'
[63/859] Cloud_Migration_Comprehensive_Budget.xlsx
  Using sheet 1: 'Budget Summary'
[64/859] Cloud_Migration_Data_Readiness_Assessment.xlsx
  Using sheet 0: 'Assessment Overview'
[65/859] Cloud_Migration_High_Level_Requirements_List.xlsx
  Using sheet 0: 'Open Action Items'
[66/859] Cloud_Migration_KPI_Dashboard.xlsx
  Using sheet 1: 'KPI Dashboard'
[67/859] Cloud_Migration_Lessons_Learned.xlsx
  Using sheet 0: 'Lessons Learned Overview'
[68/859] Cloud_Migration_Procurement_Management_Plan.xlsx
  Using sheet 0: 'Procurement Overview'
[69/859] Cloud_Migration_Procurement_Plan.xlsx
  Using sheet 0: 'Procurement Overview'
[70/859] Cloud_Migration_Project_Closure_Report.xlsx
  Using sheet 0: 'Open Action Items'
[71/859] Cloud_Migration_Project_Kickoff_Presentation.xlsx
  Using sheet 0: 'Open Action Items'
[72/859] Cloud_Migration_Quality_Management_Plan.xlsx
  Using sheet 0: 'Change Management Overview'
[73/859] Cloud_Migration_RAID_Log.xlsx
  Using sheet 0: 'Open Action Items'
[74/859] Cloud_Migration_Requirements_Traceability_Matrix.xlsx
  Using sheet 0: 'Open Action Items'
[75/859] Cloud_Migration_Resource_Management_Plan.xlsx
  Using sheet 0: 'Resource Overview'
[76/859] Cloud_Migration_Resource_Plan_Staffing_Plan.xlsx
  Using sheet 0: 'Resource Overview'
[77/859] Cloud_Migration_Risk_Management_Plan.xlsx
  Using sheet 0: 'Change Management Overview'
[78/859] Cloud_Migration_Stakeholder_Engagement_Plan.xlsx
  Using sheet 0: 'Engagement Overview'
[79/859] Cloud_Migration_Stakeholder_Register.xlsx
  Using sheet 0: 'Communications Overview'
[80/859] Cloud_Migration_Stakeholder_Register_Analysis.xlsx
  Using sheet 0: 'Communications Overview'
[81/859] Cloud_Migration_Status_Report.xlsx
  Using sheet 0: 'Open Action Items'
[82/859] Cloud_Migration_Training_Budget_Estimates.xlsx
  Using sheet 1: 'Budget Summary'
[83/859] Cloud_Migration_Training_Needs_Assessment.xlsx
  Using sheet 0: 'Assessment Overview'
[84/859] Cloud_Migration_Training_Schedule.xlsx
  Using sheet 0: 'Training Schedule Overview'
[85/859] Cloud_Migration_WBS.xlsx
  Using sheet 0: 'Formula Documentation'
[86/859] Construction_Change_Management_Plan.xlsx
  Using sheet 0: 'Change Management Overview'
[87/859] Construction_Change_Request_Form.xlsx
  Using sheet 0: 'Change Management Overview'
[88/859] Construction_Communication_Plan.xlsx
  Using sheet 0: 'Communications Overview'
[89/859] Construction_Communications_Management_Plan_2025_PMI.xlsx
  Using sheet 0: 'Communications Overview'
[90/859] Construction_Comprehensive_Budget.xlsx
  Using sheet 1: 'Budget Summary'
[91/859] Construction_Data_Readiness_Assessment.xlsx
  Using sheet 0: 'Assessment Overview'
[92/859] Construction_Executive_RAID_Log_Complete_2025_PMI.xlsx
  Using sheet 0: 'Risk Scoring Guide'
[93/859] Construction_High_Level_Requirements_List_2025_PMI.xlsx
  Using sheet 0: 'Requirements Register'
[94/859] Construction_KPI_Dashboard.xlsx
  Using sheet 1: 'KPI Dashboard'
[95/859] Construction_KPI_Report_Dashboard_2025_PMI.xlsx
  Using sheet 0: 'KPI Dashboard'
[96/859] Construction_Lessons_Learned_2025_PMI.xlsx
  Using sheet 0: 'Lessons Learned Overview'
[97/859] Construction_Open_Action_Item_Log_2025_PMI.xlsx
  Using sheet 0: 'Open Action Items'
[98/859] Construction_Procurement_Management_Plan.xlsx
  Using sheet 0: 'Procurement Overview'
[99/859] Construction_Procurement_Plan.xlsx
  Using sheet 0: 'Procurement Overview'
[100/859] Construction_Project_Closure_Report.xlsx
  Using sheet 0: 'Open Action Items'
[101/859] Construction_Project_Kickoff_Presentation.xlsx
  Using sheet 0: 'Open Action Items'
[102/859] Construction_Quality_Management_Plan.xlsx
  Using sheet 0: 'Change Management Overview'
[103/859] Construction_Requirements_Traceability_Matrix_2025_PMI.xlsx
  Using sheet 0: 'RTM Overview'
[104/859] Construction_Resource_Management_Plan.xlsx
  Using sheet 0: 'Resource Overview'
[105/859] Construction_Resource_Plan_Staffing_Plan_2025_PMI.xlsx
  Using sheet 0: 'Resource Overview'
[106/859] Construction_Risk_Management_Plan.xlsx
  Using sheet 0: 'Change Management Overview'
[107/859] Construction_Stakeholder_Engagement_Plan.xlsx
  Using sheet 0: 'Engagement Overview'
[108/859] Construction_Stakeholder_Register_Analysis_2025_PMI.xlsx
  Using sheet 0: 'Stakeholder Register'
[109/859] Construction_Status_Report.xlsx
  Using sheet 0: 'Open Action Items'
[110/859] Construction_Training_Budget_Estimates.xlsx
  Using sheet 1: 'Budget Summary'
[111/859] Construction_Training_Needs_Assessment.xlsx
  Using sheet 0: 'Assessment Overview'
[112/859] Construction_Training_Schedule.xlsx
  Using sheet 0: 'Training Schedule Overview'
[113/859] Construction_WBS.xlsx
  Using sheet 0: 'Formula Documentation'
[114/859] Consulting_Action_Item_Log.xlsx
  Using sheet 0: 'Open Action Items'
[115/859] Consulting_Change_Management_Plan.xlsx
  Using sheet 0: 'Change Management Overview'
[116/859] Consulting_Change_Request_Form.xlsx
  Using sheet 0: 'Change Management Overview'
[117/859] Consulting_Communication_Plan.xlsx
  Using sheet 0: 'Communications Overview'
[118/859] Consulting_Communications_Management_Plan.xlsx
  Using sheet 0: 'Communications Overview'
[119/859] Consulting_Comprehensive_Budget.xlsx
  Using sheet 1: 'Budget Summary'
[120/859] Consulting_Data_Readiness_Assessment.xlsx
  Using sheet 0: 'Assessment Overview'
[121/859] Consulting_High_Level_Requirements_List.xlsx
  Using sheet 0: 'Open Action Items'
[122/859] Consulting_KPI_Dashboard.xlsx
  Using sheet 1: 'KPI Dashboard'
[123/859] Consulting_Lessons_Learned.xlsx
  Using sheet 0: 'Lessons Learned Overview'
[124/859] Consulting_Procurement_Management_Plan.xlsx
  Using sheet 0: 'Procurement Overview'
[125/859] Consulting_Procurement_Plan.xlsx
  Using sheet 0: 'Procurement Overview'
[126/859] Consulting_Project_Closure_Report.xlsx
  Using sheet 0: 'Open Action Items'
[127/859] Consulting_Project_Kickoff_Presentation.xlsx
  Using sheet 0: 'Open Action Items'
[128/859] Consulting_Quality_Management_Plan.xlsx
  Using sheet 0: 'Change Management Overview'
[129/859] Consulting_RAID_Log.xlsx
  Using sheet 0: 'Open Action Items'
[130/859] Consulting_Requirements_Traceability_Matrix.xlsx
  Using sheet 0: 'Open Action Items'
[131/859] Consulting_Resource_Management_Plan.xlsx
  Using sheet 0: 'Resource Overview'
[132/859] Consulting_Resource_Plan_Staffing_Plan.xlsx
  Using sheet 0: 'Resource Overview'
[133/859] Consulting_Risk_Management_Plan.xlsx
  Using sheet 0: 'Change Management Overview'
[134/859] Consulting_Stakeholder_Engagement_Plan.xlsx
  Using sheet 0: 'Engagement Overview'
[135/859] Consulting_Stakeholder_Register.xlsx
  Using sheet 0: 'Communications Overview'
[136/859] Consulting_Stakeholder_Register_Analysis.xlsx
  Using sheet 0: 'Communications Overview'
[137/859] Consulting_Status_Report.xlsx
  Using sheet 0: 'Open Action Items'
[138/859] Consulting_Training_Budget_Estimates.xlsx
  Using sheet 1: 'Budget Summary'
[139/859] Consulting_Training_Needs_Assessment.xlsx
  Using sheet 0: 'Assessment Overview'
[140/859] Consulting_Training_Schedule.xlsx
  Using sheet 0: 'Training Schedule Overview'
[141/859] Consulting_WBS.xlsx
  Using sheet 0: 'Formula Documentation'
[142/859] Customer_Experience_WBS.xlsx
  Using sheet 0: 'Formula Documentation'
[143/859] Customer_Experience_Action_Item_Log.xlsx
  Using sheet 0: 'Open Action Items'
[144/859] Customer_Experience_Change_Management_Plan.xlsx
  Using sheet 0: 'Change Management Overview'
[145/859] Customer_Experience_Change_Request_Form.xlsx
  Using sheet 0: 'Change Management Overview'
[146/859] Customer_Experience_Communication_Plan.xlsx
  Using sheet 0: 'Communications Overview'
[147/859] Customer_Experience_Communications_Management_Plan.xlsx
  Using sheet 0: 'Communications Overview'
[148/859] Customer_Experience_Comprehensive_Budget.xlsx
  Using sheet 1: 'Budget Summary'
[149/859] Customer_Experience_Data_Readiness_Assessment.xlsx
  Using sheet 0: 'Assessment Overview'
[150/859] Customer_Experience_High_Level_Requirements_List.xlsx
  Using sheet 0: 'Open Action Items'
[151/859] Customer_Experience_KPI_Dashboard.xlsx
  Using sheet 1: 'KPI Dashboard'
[152/859] Customer_Experience_Lessons_Learned.xlsx
  Using sheet 0: 'Lessons Learned Overview'
[153/859] Customer_Experience_Procurement_Management_Plan.xlsx
  Using sheet 0: 'Procurement Overview'
[154/859] Customer_Experience_Procurement_Plan.xlsx
  Using sheet 0: 'Procurement Overview'
[155/859] Customer_Experience_Project_Closure_Report.xlsx
  Using sheet 0: 'Open Action Items'
[156/859] Customer_Experience_Project_Kickoff_Presentation.xlsx
  Using sheet 0: 'Open Action Items'
[157/859] Customer_Experience_Quality_Management_Plan.xlsx
  Using sheet 0: 'Change Management Overview'
[158/859] Customer_Experience_RAID_Log.xlsx
  Using sheet 0: 'Open Action Items'
[159/859] Customer_Experience_Requirements_Traceability_Matrix.xlsx
  Using sheet 0: 'Open Action Items'
[160/859] Customer_Experience_Resource_Management_Plan.xlsx
  Using sheet 0: 'Resource Overview'
[161/859] Customer_Experience_Resource_Plan_Staffing_Plan.xlsx
  Using sheet 0: 'Resource Overview'
[162/859] Customer_Experience_Risk_Management_Plan.xlsx
  Using sheet 0: 'Change Management Overview'
[163/859] Customer_Experience_Stakeholder_Engagement_Plan.xlsx
  Using sheet 0: 'Engagement Overview'
[164/859] Customer_Experience_Stakeholder_Register.xlsx
  Using sheet 0: 'Communications Overview'
[165/859] Customer_Experience_Stakeholder_Register_Analysis.xlsx
  Using sheet 0: 'Communications Overview'
[166/859] Customer_Experience_Status_Report.xlsx
  Using sheet 0: 'Open Action Items'
[167/859] Customer_Experience_Training_Budget_Estimates.xlsx
  Using sheet 1: 'Budget Summary'
[168/859] Customer_Experience_Training_Needs_Assessment.xlsx
  Using sheet 0: 'Assessment Overview'
[169/859] Customer_Experience_Training_Schedule.xlsx
  Using sheet 0: 'Training Schedule Overview'
[170/859] Cybersecurity_Change_Management_Plan.xlsx
  Using sheet 0: 'Change Management Overview'
[171/859] Cybersecurity_Change_Request_Form.xlsx
  Using sheet 0: 'Change Management Overview'
[172/859] Cybersecurity_Communication_Plan.xlsx
  Using sheet 0: 'Communications Overview'
[173/859] Cybersecurity_Communications_Management_Plan.xlsx
  Using sheet 0: 'Communications Overview'
[174/859] Cybersecurity_Comprehensive_Budget.xlsx
  Using sheet 1: 'Budget Summary'
[175/859] Cybersecurity_High_Level_Requirements_List.xlsx
  Using sheet 0: 'Open Action Items'
[176/859] Cybersecurity_KPI_Dashboard.xlsx
  Using sheet 1: 'KPI Dashboard'
[177/859] Cybersecurity_KPI_Report_Dashboard_2025_PMI.xlsx
  Using sheet 0: 'KPI Dashboard'
[178/859] Cybersecurity_Lessons_Learned_2025_PMI.xlsx
  Using sheet 0: 'Lessons Learned Overview'
[179/859] Cybersecurity_Open_Action_Item_Log_2025_PMI.xlsx
  Using sheet 0: 'Open Action Items'
[180/859] Cybersecurity_Procurement_Management_Plan_2025_PMI.xlsx
  Using sheet 0: 'Procurement Overview'
[181/859] Cybersecurity_Procurement_Plan.xlsx
  Using sheet 0: 'Procurement Overview'
[182/859] Cybersecurity_Project_Closure_Report.xlsx
  Using sheet 0: 'Open Action Items'
[183/859] Cybersecurity_Project_Kickoff_Presentation.xlsx
  Using sheet 0: 'Open Action Items'
[184/859] Cybersecurity_Quality_Management_Plan.xlsx
  Using sheet 0: 'Change Management Overview'
[185/859] Cybersecurity_RAID_Log.xlsx
  Using sheet 0: 'Open Action Items'
[186/859] Cybersecurity_Requirements_Traceability_Matrix.xlsx
  Using sheet 0: 'Open Action Items'
[187/859] Cybersecurity_Resource_Management_Plan.xlsx
  Using sheet 0: 'Resource Overview'
[188/859] Cybersecurity_Resource_Plan_Staffing_Plan.xlsx
  Using sheet 0: 'Resource Overview'
[189/859] Cybersecurity_Risk_Management_Plan.xlsx
  Using sheet 0: 'Change Management Overview'
[190/859] Cybersecurity_Stakeholder_Engagement_Plan.xlsx
  Using sheet 0: 'Engagement Overview'
[191/859] Cybersecurity_Stakeholder_Register.xlsx
  Using sheet 0: 'Communications Overview'
[192/859] Cybersecurity_Stakeholder_Register_Analysis.xlsx
  Using sheet 0: 'Communications Overview'
[193/859] Cybersecurity_Status_Report.xlsx
  Using sheet 0: 'Open Action Items'
[194/859] Cybersecurity_Training_Budget_Estimates.xlsx
  Using sheet 1: 'Budget Summary'
[195/859] Cybersecurity_Training_Needs_Assessment.xlsx
  Using sheet 0: 'Assessment Overview'
[196/859] Cybersecurity_Training_Schedule.xlsx
  Using sheet 0: 'Training Schedule Overview'
[197/859] Cybersecurity_WBS.xlsx
  Using sheet 0: 'Formula Documentation'
[198/859] Data_Analytics_Action_Item_Log.xlsx
  Using sheet 0: 'Open Action Items'
[199/859] Data_Analytics_Change_Management_Plan.xlsx
  Using sheet 0: 'Change Management Overview'
[200/859] Data_Analytics_Change_Request_Form.xlsx
  Using sheet 0: 'Change Management Overview'
[201/859] Data_Analytics_Communication_Plan.xlsx
  Using sheet 0: 'Communications Overview'
[202/859] Data_Analytics_Communications_Management_Plan.xlsx
  Using sheet 0: 'Communications Overview'
[203/859] Data_Analytics_Comprehensive_Budget.xlsx
  Using sheet 1: 'Budget Summary'
[204/859] Data_Analytics_Data_Readiness_Assessment.xlsx
  Using sheet 0: 'Assessment Overview'
[205/859] Data_Analytics_High_Level_Requirements_List.xlsx
  Using sheet 0: 'Open Action Items'
[206/859] Data_Analytics_KPI_Dashboard.xlsx
  Using sheet 1: 'KPI Dashboard'
[207/859] Data_Analytics_Lessons_Learned.xlsx
  Using sheet 0: 'Lessons Learned Overview'
[208/859] Data_Analytics_Procurement_Management_Plan.xlsx
  Using sheet 0: 'Procurement Overview'
[209/859] Data_Analytics_Procurement_Plan.xlsx
  Using sheet 0: 'Procurement Overview'
[210/859] Data_Analytics_Project_Closure_Report.xlsx
  Using sheet 0: 'Open Action Items'
[211/859] Data_Analytics_Project_Kickoff_Presentation.xlsx
  Using sheet 0: 'Open Action Items'
[212/859] Data_Analytics_Quality_Management_Plan.xlsx
  Using sheet 0: 'Change Management Overview'
[213/859] Data_Analytics_RAID_Log.xlsx
  Using sheet 0: 'Open Action Items'
[214/859] Data_Analytics_Requirements_Traceability_Matrix.xlsx
  Using sheet 0: 'Open Action Items'
[215/859] Data_Analytics_Resource_Management_Plan.xlsx
  Using sheet 0: 'Resource Overview'
[216/859] Data_Analytics_Resource_Plan_Staffing_Plan.xlsx
  Using sheet 0: 'Resource Overview'
[217/859] Data_Analytics_Risk_Management_Plan.xlsx
  Using sheet 0: 'Change Management Overview'
[218/859] Data_Analytics_Stakeholder_Engagement_Plan.xlsx
  Using sheet 0: 'Engagement Overview'
[219/859] Data_Analytics_Stakeholder_Register.xlsx
  Using sheet 0: 'Communications Overview'
[220/859] Data_Analytics_Stakeholder_Register_Analysis.xlsx
  Using sheet 0: 'Communications Overview'
[221/859] Data_Analytics_Status_Report.xlsx
  Using sheet 0: 'Open Action Items'
[222/859] Data_Analytics_Training_Budget_Estimates.xlsx
  Using sheet 1: 'Budget Summary'
[223/859] Data_Analytics_Training_Needs_Assessment.xlsx
  Using sheet 0: 'Assessment Overview'
[224/859] Data_Analytics_Training_Schedule.xlsx
  Using sheet 0: 'Training Schedule Overview'
[225/859] Data_Analytics_WBS.xlsx
  Using sheet 0: 'Formula Documentation'
[226/859] Digital_Transformation_Action_Item_Log.xlsx
  Using sheet 0: 'Open Action Items'
[227/859] Digital_Transformation_Change_Management_Plan.xlsx
  Using sheet 0: 'Change Management Overview'
[228/859] Digital_Transformation_Change_Request_Form.xlsx
  Using sheet 0: 'Change Management Overview'
[229/859] Digital_Transformation_Communication_Plan.xlsx
  Using sheet 0: 'Communications Overview'
[230/859] Digital_Transformation_Communications_Management_Plan.xlsx
  Using sheet 0: 'Communications Overview'
[231/859] Digital_Transformation_Comprehensive_Budget.xlsx
  Using sheet 1: 'Budget Summary'
[232/859] Digital_Transformation_Data_Readiness_Assessment.xlsx
  Using sheet 0: 'Assessment Overview'
[233/859] Digital_Transformation_High_Level_Requirements_List.xlsx
  Using sheet 0: 'Open Action Items'
[234/859] Digital_Transformation_KPI_Dashboard.xlsx
  Using sheet 1: 'KPI Dashboard'
[235/859] Digital_Transformation_Lessons_Learned.xlsx
  Using sheet 0: 'Lessons Learned Overview'
[236/859] Digital_Transformation_Procurement_Management_Plan.xlsx
  Using sheet 0: 'Procurement Overview'
[237/859] Digital_Transformation_Procurement_Plan.xlsx
  Using sheet 0: 'Procurement Overview'
[238/859] Digital_Transformation_Project_Closure_Report.xlsx
  Using sheet 0: 'Open Action Items'
[239/859] Digital_Transformation_Project_Kickoff_Presentation.xlsx
  Using sheet 0: 'Open Action Items'
[240/859] Digital_Transformation_Quality_Management_Plan.xlsx
  Using sheet 0: 'Change Management Overview'
[241/859] Digital_Transformation_RAID_Log.xlsx
  Using sheet 0: 'Open Action Items'
[242/859] Digital_Transformation_Requirements_Traceability_Matrix.xlsx
  Using sheet 0: 'Open Action Items'
[243/859] Digital_Transformation_Resource_Management_Plan.xlsx
  Using sheet 0: 'Resource Overview'
[244/859] Digital_Transformation_Resource_Plan_Staffing_Plan.xlsx
  Using sheet 0: 'Resource Overview'
[245/859] Digital_Transformation_Risk_Management_Plan.xlsx
  Using sheet 0: 'Change Management Overview'
[246/859] Digital_Transformation_Stakeholder_Engagement_Plan.xlsx
  Using sheet 0: 'Engagement Overview'
[247/859] Digital_Transformation_Stakeholder_Register.xlsx
  Using sheet 0: 'Communications Overview'
[248/859] Digital_Transformation_Stakeholder_Register_Analysis.xlsx
  Using sheet 0: 'Communications Overview'
[249/859] Digital_Transformation_Status_Report.xlsx
  Using sheet 0: 'Open Action Items'
[250/859] Digital_Transformation_Training_Budget_Estimates.xlsx
  Using sheet 1: 'Budget Summary'
[251/859] Digital_Transformation_Training_Needs_Assessment.xlsx
  Using sheet 0: 'Assessment Overview'
[252/859] Digital_Transformation_Training_Schedule.xlsx
  Using sheet 0: 'Training Schedule Overview'
[253/859] Digital_Transformation_WBS.xlsx
  Using sheet 0: 'Formula Documentation'
[254/859] ERP_Implementation_KPI_Report_Dashboard_2025_PMI.xlsx
  Using sheet 0: 'KPI Dashboard'
[255/859] ERP_Implementation_Lessons_Learned_2025_PMI.xlsx
  Using sheet 0: 'Lessons Learned Overview'
[256/859] ERP_Implementation_Open_Action_Item_Log_2025_PMI.xlsx
  Using sheet 0: 'Open Action Items'
[257/859] ERP_Implementations_Action_Items.xlsx
  Using sheet 0: 'Open Action Items'
[258/859] ERP_Implementations_Budget.xlsx
  Using sheet 1: 'Budget Summary'
[259/859] ERP_Implementations_Change_Management.xlsx
  Using sheet 0: 'Change Management Overview'
[260/859] ERP_Implementations_Change_Request.xlsx
  Using sheet 0: 'Change Management Overview'
[261/859] ERP_Implementations_Communication_Plan.xlsx
  Using sheet 0: 'Communications Overview'
[262/859] ERP_Implementations_Communications_Plan.xlsx
  Using sheet 0: 'Communications Overview'
[263/859] ERP_Implementations_Data_Readiness_Assessment.xlsx
  Using sheet 0: 'Assessment Overview'
[264/859] ERP_Implementations_KPI_Dashboard.xlsx
  Using sheet 1: 'KPI Dashboard'
[265/859] ERP_Implementations_Lessons_Learned.xlsx
  Using sheet 0: 'Lessons Learned Overview'
[266/859] ERP_Implementations_Procurement_Management.xlsx
  Using sheet 0: 'Procurement Overview'
[267/859] ERP_Implementations_Procurement_Plan.xlsx
  Using sheet 0: 'Procurement Overview'
[268/859] ERP_Implementations_Project_Closure.xlsx
  Using sheet 0: 'Open Action Items'
[269/859] ERP_Implementations_Project_Kickoff_Presentation.xlsx
  Using sheet 0: 'Open Action Items'
[270/859] ERP_Implementations_Quality_Management_Plan.xlsx
  Using sheet 0: 'Change Management Overview'
[271/859] ERP_Implementations_RAID_Log.xlsx
  Using sheet 0: 'Open Action Items'
[272/859] ERP_Implementations_Requirements_List.xlsx
  Using sheet 0: 'Open Action Items'
[273/859] ERP_Implementations_Requirements_Matrix.xlsx
  Using sheet 0: 'Open Action Items'
[274/859] ERP_Implementations_Resource_Management_Plan.xlsx
  Using sheet 0: 'Resource Overview'
[275/859] ERP_Implementations_Resource_Plan.xlsx
  Using sheet 0: 'Resource Overview'
[276/859] ERP_Implementations_Risk_Management_Plan.xlsx
  Using sheet 0: 'Change Management Overview'
[277/859] ERP_Implementations_Stakeholder_Analysis.xlsx
  Using sheet 0: 'Engagement Overview'
[278/859] ERP_Implementations_Stakeholder_Engagement.xlsx
  Using sheet 0: 'Engagement Overview'
[279/859] ERP_Implementations_Stakeholder_Register.xlsx
  Using sheet 0: 'Communications Overview'
[280/859] ERP_Implementations_Status_Report.xlsx
  Using sheet 0: 'Open Action Items'
[281/859] ERP_Implementations_Training_Budget.xlsx
  Using sheet 1: 'Budget Summary'
[282/859] ERP_Implementations_Training_Needs_Assessment.xlsx
  Using sheet 0: 'Assessment Overview'
[283/859] ERP_Implementations_Training_Schedule.xlsx
  Using sheet 0: 'Training Schedule Overview'
[284/859] ERP_Implementations_WBS.xlsx
  Using sheet 0: 'Formula Documentation'
[285/859] Education_Action_Item_Log.xlsx
  Using sheet 0: 'Open Action Items'
[286/859] Education_Change_Management_Plan.xlsx
  Using sheet 0: 'Change Management Overview'
[287/859] Education_Change_Request_Form.xlsx
  Using sheet 0: 'Change Management Overview'
[288/859] Education_Communication_Plan.xlsx
  Using sheet 0: 'Communications Overview'
[289/859] Education_Communications_Management_Plan.xlsx
  Using sheet 0: 'Communications Overview'
[290/859] Education_Comprehensive_Budget.xlsx
  Using sheet 1: 'Budget Summary'
[291/859] Education_Data_Readiness_Assessment.xlsx
  Using sheet 0: 'Assessment Overview'
[292/859] Education_High_Level_Requirements_List.xlsx
  Using sheet 0: 'Open Action Items'
[293/859] Education_KPI_Dashboard.xlsx
  Using sheet 1: 'KPI Dashboard'
[294/859] Education_Lessons_Learned.xlsx
  Using sheet 0: 'Lessons Learned Overview'
[295/859] Education_Procurement_Management_Plan.xlsx
  Using sheet 0: 'Procurement Overview'
[296/859] Education_Procurement_Plan.xlsx
  Using sheet 0: 'Procurement Overview'
[297/859] Education_Project_Closure_Report.xlsx
  Using sheet 0: 'Open Action Items'
[298/859] Education_Project_Kickoff_Presentation.xlsx
  Using sheet 0: 'Open Action Items'
[299/859] Education_Quality_Management_Plan.xlsx
  Using sheet 0: 'Change Management Overview'
[300/859] Education_RAID_Log.xlsx
  Using sheet 0: 'Open Action Items'
[301/859] Education_Requirements_Traceability_Matrix.xlsx
  Using sheet 0: 'Open Action Items'
[302/859] Education_Resource_Management_Plan.xlsx
  Using sheet 0: 'Resource Overview'
[303/859] Education_Resource_Plan_Staffing_Plan.xlsx
  Using sheet 0: 'Resource Overview'
[304/859] Education_Risk_Management_Plan.xlsx
  Using sheet 0: 'Change Management Overview'
[305/859] Education_Stakeholder_Engagement_Plan.xlsx
  Using sheet 0: 'Engagement Overview'
[306/859] Education_Stakeholder_Register.xlsx
  Using sheet 0: 'Communications Overview'
[307/859] Education_Stakeholder_Register_Analysis.xlsx
  Using sheet 0: 'Communications Overview'
[308/859] Education_Status_Report.xlsx
  Using sheet 0: 'Open Action Items'
[309/859] Education_Training_Budget_Estimates.xlsx
  Using sheet 1: 'Budget Summary'
[310/859] Education_Training_Needs_Assessment.xlsx
  Using sheet 0: 'Assessment Overview'
[311/859] Education_Training_Schedule.xlsx
  Using sheet 0: 'Training Schedule Overview'
[312/859] Education_WBS.xlsx
  Using sheet 0: 'Formula Documentation'
[313/859] Energy_Action_Item_Log.xlsx
  Using sheet 0: 'Open Action Items'
[314/859] Energy_Change_Management_Plan.xlsx
  Using sheet 0: 'Change Management Overview'
[315/859] Energy_Change_Request_Form.xlsx
  Using sheet 0: 'Change Management Overview'
[316/859] Energy_Communication_Plan.xlsx
  Using sheet 0: 'Communications Overview'
[317/859] Energy_Communications_Management_Plan.xlsx
  Using sheet 0: 'Communications Overview'
[318/859] Energy_Comprehensive_Budget.xlsx
  Using sheet 1: 'Budget Summary'
[319/859] Energy_Data_Readiness_Assessment.xlsx
  Using sheet 0: 'Assessment Overview'
[320/859] Energy_High_Level_Requirements_List.xlsx
  Using sheet 0: 'Open Action Items'
[321/859] Energy_KPI_Dashboard.xlsx
  Using sheet 1: 'KPI Dashboard'
[322/859] Energy_Lessons_Learned.xlsx
  Using sheet 0: 'Lessons Learned Overview'
[323/859] Energy_Procurement_Management_Plan.xlsx
  Using sheet 0: 'Procurement Overview'
[324/859] Energy_Procurement_Plan.xlsx
  Using sheet 0: 'Procurement Overview'
[325/859] Energy_Project_Closure_Report.xlsx
  Using sheet 0: 'Open Action Items'
[326/859] Energy_Project_Kickoff_Presentation.xlsx
  Using sheet 0: 'Open Action Items'
[327/859] Energy_Quality_Management_Plan.xlsx
  Using sheet 0: 'Change Management Overview'
[328/859] Energy_RAID_Log.xlsx
  Using sheet 0: 'Open Action Items'
[329/859] Energy_Requirements_Traceability_Matrix.xlsx
  Using sheet 0: 'Open Action Items'
[330/859] Energy_Resource_Management_Plan.xlsx
  Using sheet 0: 'Resource Overview'
[331/859] Energy_Resource_Plan_Staffing_Plan.xlsx
  Using sheet 0: 'Resource Overview'
[332/859] Energy_Risk_Management_Plan.xlsx
  Using sheet 0: 'Change Management Overview'
[333/859] Energy_Stakeholder_Engagement_Plan.xlsx
  Using sheet 0: 'Engagement Overview'
[334/859] Energy_Stakeholder_Register.xlsx
  Using sheet 0: 'Communications Overview'
[335/859] Energy_Stakeholder_Register_Analysis.xlsx
  Using sheet 0: 'Communications Overview'
[336/859] Energy_Status_Report.xlsx
  Using sheet 0: 'Open Action Items'
[337/859] Energy_Training_Budget_Estimates.xlsx
  Using sheet 1: 'Budget Summary'
[338/859] Energy_Training_Needs_Assessment.xlsx
  Using sheet 0: 'Assessment Overview'
[339/859] Energy_Training_Schedule.xlsx
  Using sheet 0: 'Training Schedule Overview'
[340/859] Energy_WBS.xlsx
  Using sheet 0: 'Formula Documentation'
[341/859] Finance_Action_Item_Log.xlsx
  Using sheet 0: 'Open Action Items'
[342/859] Finance_Change_Management_Plan.xlsx
  Using sheet 0: 'Change Management Overview'
[343/859] Finance_Change_Request_Form.xlsx
  Using sheet 0: 'Change Management Overview'
[344/859] Finance_Communication_Plan.xlsx
  Using sheet 0: 'Communications Overview'
[345/859] Finance_Communications_Management_Plan.xlsx
  Using sheet 0: 'Communications Overview'
[346/859] Finance_Comprehensive_Budget.xlsx
  Using sheet 1: 'Budget Summary'
[347/859] Finance_Data_Readiness_Assessment.xlsx
  Using sheet 0: 'Assessment Overview'
[348/859] Finance_High_Level_Requirements_List.xlsx
  Using sheet 0: 'Open Action Items'
[349/859] Finance_KPI_Dashboard.xlsx
  Using sheet 1: 'KPI Dashboard'
[350/859] Finance_Lessons_Learned.xlsx
  Using sheet 0: 'Lessons Learned Overview'
[351/859] Finance_Procurement_Management_Plan.xlsx
  Using sheet 0: 'Procurement Overview'
[352/859] Finance_Procurement_Plan.xlsx
  Using sheet 0: 'Procurement Overview'
[353/859] Finance_Project_Closure_Report.xlsx
  Using sheet 0: 'Open Action Items'
[354/859] Finance_Project_Kickoff_Presentation.xlsx
  Using sheet 0: 'Open Action Items'
[355/859] Finance_Quality_Management_Plan.xlsx
  Using sheet 0: 'Change Management Overview'
[356/859] Finance_RAID_Log.xlsx
  Using sheet 0: 'Open Action Items'
[357/859] Finance_Requirements_Traceability_Matrix.xlsx
  Using sheet 0: 'Open Action Items'
[358/859] Finance_Resource_Management_Plan.xlsx
  Using sheet 0: 'Resource Overview'
[359/859] Finance_Resource_Plan_Staffing_Plan.xlsx
  Using sheet 0: 'Resource Overview'
[360/859] Finance_Risk_Management_Plan.xlsx
  Using sheet 0: 'Change Management Overview'
[361/859] Finance_Stakeholder_Engagement_Plan.xlsx
  Using sheet 0: 'Engagement Overview'
[362/859] Finance_Stakeholder_Register.xlsx
  Using sheet 0: 'Communications Overview'
[363/859] Finance_Stakeholder_Register_Analysis.xlsx
  Using sheet 0: 'Communications Overview'
[364/859] Finance_Status_Report.xlsx
  Using sheet 0: 'Open Action Items'
[365/859] Finance_Training_Budget_Estimates.xlsx
  Using sheet 1: 'Budget Summary'
[366/859] Finance_Training_Needs_Assessment.xlsx
  Using sheet 0: 'Assessment Overview'
[367/859] Finance_Training_Schedule.xlsx
  Using sheet 0: 'Training Schedule Overview'
[368/859] Finance_WBS.xlsx
  Using sheet 0: 'Formula Documentation'
[369/859] Government_Action_Item_Log.xlsx
  Using sheet 0: 'Open Action Items'
[370/859] Government_Change_Management_Plan.xlsx
  Using sheet 0: 'Change Management Overview'
[371/859] Government_Change_Request_Form.xlsx
  Using sheet 0: 'Change Management Overview'
[372/859] Government_Communication_Plan.xlsx
  Using sheet 0: 'Communications Overview'
[373/859] Government_Communications_Management_Plan.xlsx
  Using sheet 0: 'Communications Overview'
[374/859] Government_Comprehensive_Budget.xlsx
  Using sheet 1: 'Budget Summary'
[375/859] Government_Data_Readiness_Assessment.xlsx
  Using sheet 0: 'Assessment Overview'
[376/859] Government_High_Level_Requirements_List.xlsx
  Using sheet 0: 'Open Action Items'
[377/859] Government_KPI_Dashboard.xlsx
  Using sheet 1: 'KPI Dashboard'
[378/859] Government_Lessons_Learned.xlsx
  Using sheet 0: 'Lessons Learned Overview'
[379/859] Government_Procurement_Management_Plan.xlsx
  Using sheet 0: 'Procurement Overview'
[380/859] Government_Procurement_Plan.xlsx
  Using sheet 0: 'Procurement Overview'
[381/859] Government_Project_Closure_Report.xlsx
  Using sheet 0: 'Open Action Items'
[382/859] Government_Project_Kickoff_Presentation.xlsx
  Using sheet 0: 'Open Action Items'
[383/859] Government_Quality_Management_Plan.xlsx
  Using sheet 0: 'Change Management Overview'
[384/859] Government_RAID_Log.xlsx
  Using sheet 0: 'Open Action Items'
[385/859] Government_Requirements_Traceability_Matrix.xlsx
  Using sheet 0: 'Open Action Items'
[386/859] Government_Resource_Management_Plan.xlsx
  Using sheet 0: 'Resource Overview'
[387/859] Government_Resource_Plan_Staffing_Plan.xlsx
  Using sheet 0: 'Resource Overview'
[388/859] Government_Risk_Management_Plan.xlsx
  Using sheet 0: 'Change Management Overview'
[389/859] Government_Stakeholder_Engagement_Plan.xlsx
  Using sheet 0: 'Engagement Overview'
[390/859] Government_Stakeholder_Register.xlsx
  Using sheet 0: 'Communications Overview'
[391/859] Government_Stakeholder_Register_Analysis.xlsx
  Using sheet 0: 'Communications Overview'
[392/859] Government_Status_Report.xlsx
  Using sheet 0: 'Open Action Items'
[393/859] Government_Training_Budget_Estimates.xlsx
  Using sheet 1: 'Budget Summary'
[394/859] Government_Training_Needs_Assessment.xlsx
  Using sheet 0: 'Assessment Overview'
[395/859] Government_Training_Schedule.xlsx
  Using sheet 0: 'Training Schedule Overview'
[396/859] Government_WBS.xlsx
  Using sheet 0: 'Formula Documentation'
[397/859] Hardware_Action_Items.xlsx
  Using sheet 0: 'Open Action Items'
[398/859] Hardware_Budget.xlsx
  Using sheet 1: 'Budget Summary'
[399/859] Hardware_Change_Management.xlsx
  Using sheet 0: 'Change Management Overview'
[400/859] Hardware_Change_Request.xlsx
  Using sheet 0: 'Change Management Overview'
[401/859] Hardware_Communication_Plan.xlsx
  Using sheet 0: 'Communications Overview'
[402/859] Hardware_Communications_Plan.xlsx
  Using sheet 0: 'Communications Overview'
[403/859] Hardware_Data_Readiness_Assessment.xlsx
  Using sheet 0: 'Assessment Overview'
[404/859] Hardware_KPI_Dashboard.xlsx
  Using sheet 1: 'KPI Dashboard'
[405/859] Hardware_KPI_Report_Dashboard_2025_PMI.xlsx
  Using sheet 0: 'KPI Dashboard'
[406/859] Hardware_Lessons_Learned_2025_PMI.xlsx
  Using sheet 0: 'Lessons Learned Overview'
[407/859] Hardware_Open_Action_Item_Log_2025_PMI.xlsx
  Using sheet 0: 'Open Action Items'
[408/859] Hardware_Procurement_Management.xlsx
  Using sheet 0: 'Procurement Overview'
[409/859] Hardware_Procurement_Plan.xlsx
  Using sheet 0: 'Procurement Overview'
[410/859] Hardware_Project_Closure.xlsx
  Using sheet 0: 'Open Action Items'
[411/859] Hardware_Project_Kickoff_Presentation.xlsx
  Using sheet 0: 'Open Action Items'
[412/859] Hardware_Quality_Management_Plan.xlsx
  Using sheet 0: 'Change Management Overview'
[413/859] Hardware_RAID_Log.xlsx
  Using sheet 0: 'Open Action Items'
[414/859] Hardware_Requirements_List.xlsx
  Using sheet 0: 'Open Action Items'
[415/859] Hardware_Requirements_Matrix.xlsx
  Using sheet 0: 'Open Action Items'
[416/859] Hardware_Resource_Management_Plan.xlsx
  Using sheet 0: 'Resource Overview'
[417/859] Hardware_Resource_Plan.xlsx
  Using sheet 0: 'Resource Overview'
[418/859] Hardware_Risk_Management_Plan.xlsx
  Using sheet 0: 'Change Management Overview'
[419/859] Hardware_Stakeholder_Analysis.xlsx
  Using sheet 0: 'Engagement Overview'
[420/859] Hardware_Stakeholder_Engagement.xlsx
  Using sheet 0: 'Engagement Overview'
[421/859] Hardware_Stakeholder_Register.xlsx
  Using sheet 0: 'Communications Overview'
[422/859] Hardware_Status_Report.xlsx
  Using sheet 0: 'Open Action Items'
[423/859] Hardware_Training_Budget.xlsx
  Using sheet 1: 'Budget Summary'
[424/859] Hardware_Training_Needs_Assessment.xlsx
  Using sheet 0: 'Assessment Overview'
[425/859] Hardware_Training_Schedule.xlsx
  Using sheet 0: 'Training Schedule Overview'
[426/859] Hardware_WBS.xlsx
  Using sheet 0: 'Formula Documentation'
[427/859] Healthcare_Action_Item_Log.xlsx
  Using sheet 0: 'Open Action Items'
[428/859] Healthcare_Change_Management_Plan.xlsx
  Using sheet 0: 'Change Management Overview'
[429/859] Healthcare_Change_Request_Form.xlsx
  Using sheet 0: 'Change Management Overview'
[430/859] Healthcare_Communication_Plan.xlsx
  Using sheet 0: 'Communications Overview'
[431/859] Healthcare_Communications_Management_Plan.xlsx
  Using sheet 0: 'Communications Overview'
[432/859] Healthcare_Comprehensive_Budget.xlsx
  Using sheet 1: 'Budget Summary'
[433/859] Healthcare_Data_Readiness_Assessment.xlsx
  Using sheet 0: 'Assessment Overview'
[434/859] Healthcare_High_Level_Requirements_List.xlsx
  Using sheet 0: 'Open Action Items'
[435/859] Healthcare_KPI_Dashboard.xlsx
  Using sheet 1: 'KPI Dashboard'
[436/859] Healthcare_Lessons_Learned.xlsx
  Using sheet 0: 'Lessons Learned Overview'
[437/859] Healthcare_Procurement_Management_Plan.xlsx
  Using sheet 0: 'Procurement Overview'
[438/859] Healthcare_Procurement_Plan.xlsx
  Using sheet 0: 'Procurement Overview'
[439/859] Healthcare_Project_Closure_Report.xlsx
  Using sheet 0: 'Open Action Items'
[440/859] Healthcare_Project_Kickoff_Presentation.xlsx
  Using sheet 0: 'Open Action Items'
[441/859] Healthcare_Quality_Management_Plan.xlsx
  Using sheet 0: 'Change Management Overview'
[442/859] Healthcare_RAID_Log.xlsx
  Using sheet 0: 'Open Action Items'
[443/859] Healthcare_Requirements_Traceability_Matrix.xlsx
  Using sheet 0: 'Open Action Items'
[444/859] Healthcare_Resource_Management_Plan.xlsx
  Using sheet 0: 'Resource Overview'
[445/859] Healthcare_Resource_Plan_Staffing_Plan.xlsx
  Using sheet 0: 'Resource Overview'
[446/859] Healthcare_Risk_Management_Plan.xlsx
  Using sheet 0: 'Change Management Overview'
[447/859] Healthcare_Stakeholder_Engagement_Plan.xlsx
  Using sheet 0: 'Engagement Overview'
[448/859] Healthcare_Stakeholder_Register.xlsx
  Using sheet 0: 'Communications Overview'
[449/859] Healthcare_Stakeholder_Register_Analysis.xlsx
  Using sheet 0: 'Communications Overview'
[450/859] Healthcare_Status_Report.xlsx
  Using sheet 0: 'Open Action Items'
[451/859] Healthcare_Training_Budget_Estimates.xlsx
  Using sheet 1: 'Budget Summary'
[452/859] Healthcare_Training_Needs_Assessment.xlsx
  Using sheet 0: 'Assessment Overview'
[453/859] Healthcare_Training_Schedule.xlsx
  Using sheet 0: 'Training Schedule Overview'
[454/859] Healthcare_WBS.xlsx
  Using sheet 0: 'Formula Documentation'
[455/859] IT_Change_Management_Plan.xlsx
  Using sheet 0: 'Change Management Overview'
[456/859] IT_Change_Request_Form.xlsx
  Using sheet 0: 'Change Management Overview'
[457/859] IT_Communication_Plan.xlsx
  Using sheet 0: 'Communications Overview'
[458/859] IT_Communications_Management_Plan.xlsx
  Using sheet 0: 'Communications Overview'
[459/859] IT_Comprehensive_Budget.xlsx
  Using sheet 1: 'Budget Summary'
[460/859] IT_Data_Readiness_Assessment.xlsx
  Using sheet 0: 'Assessment Overview'
[461/859] IT_High_Level_Requirements_List.xlsx
  Using sheet 0: 'Open Action Items'
[462/859] IT_Implementation_KPI_Report_Dashboard_2025_PMI.xlsx
  Using sheet 0: 'KPI Dashboard'
[463/859] IT_Implementation_Lessons_Learned_2025_PMI.xlsx
  Using sheet 0: 'Lessons Learned Overview'
[464/859] IT_Implementation_Open_Action_Item_Log_2025_PMI.xlsx
  Using sheet 0: 'Open Action Items'
[465/859] IT_KPI_Dashboard.xlsx
  Using sheet 1: 'KPI Dashboard'
[466/859] IT_Procurement_Management_Plan.xlsx
  Using sheet 0: 'Procurement Overview'
[467/859] IT_Procurement_Plan.xlsx
  Using sheet 0: 'Procurement Overview'
[468/859] IT_Project_Closure_Report.xlsx
  Using sheet 0: 'Open Action Items'
[469/859] IT_Project_Kickoff_Presentation.xlsx
  Using sheet 0: 'Open Action Items'
[470/859] IT_Quality_Management_Plan.xlsx
  Using sheet 0: 'Change Management Overview'
[471/859] IT_RAID_Log.xlsx
  Using sheet 0: 'Open Action Items'
[472/859] IT_Requirements_Traceability_Matrix.xlsx
  Using sheet 0: 'Open Action Items'
[473/859] IT_Resource_Management_Plan.xlsx
  Using sheet 0: 'Resource Overview'
[474/859] IT_Resource_Plan_Staffing_Plan.xlsx
  Using sheet 0: 'Resource Overview'
[475/859] IT_Risk_Management_Plan.xlsx
  Using sheet 0: 'Change Management Overview'
[476/859] IT_Stakeholder_Engagement_Plan.xlsx
  Using sheet 0: 'Engagement Overview'
[477/859] IT_Stakeholder_Register.xlsx
  Using sheet 0: 'Communications Overview'
[478/859] IT_Stakeholder_Register_Analysis.xlsx
  Using sheet 0: 'Communications Overview'
[479/859] IT_Status_Report.xlsx
  Using sheet 0: 'Open Action Items'
[480/859] IT_Training_Budget_Estimates.xlsx
  Using sheet 1: 'Budget Summary'
[481/859] IT_Training_Needs_Assessment.xlsx
  Using sheet 0: 'Assessment Overview'
[482/859] IT_Training_Schedule.xlsx
  Using sheet 0: 'Training Schedule Overview'
[483/859] IT_WBS.xlsx
  Using sheet 0: 'Formula Documentation'
[484/859] Media_Action_Item_Log.xlsx
  Using sheet 0: 'Open Action Items'
[485/859] Media_Change_Management_Plan.xlsx
  Using sheet 0: 'Change Management Overview'
[486/859] Media_Change_Request_Form.xlsx
  Using sheet 0: 'Change Management Overview'
[487/859] Media_Communication_Plan.xlsx
  Using sheet 0: 'Communications Overview'
[488/859] Media_Communications_Management_Plan.xlsx
  Using sheet 0: 'Communications Overview'
[489/859] Media_Comprehensive_Budget.xlsx
  Using sheet 1: 'Budget Summary'
[490/859] Media_Data_Readiness_Assessment.xlsx
  Using sheet 0: 'Assessment Overview'
[491/859] Media_High_Level_Requirements_List.xlsx
  Using sheet 0: 'Open Action Items'
[492/859] Media_KPI_Dashboard.xlsx
  Using sheet 1: 'KPI Dashboard'
[493/859] Media_Lessons_Learned.xlsx
  Using sheet 0: 'Lessons Learned Overview'
[494/859] Media_Procurement_Management_Plan.xlsx
  Using sheet 0: 'Procurement Overview'
[495/859] Media_Procurement_Plan.xlsx
  Using sheet 0: 'Procurement Overview'
[496/859] Media_Project_Closure_Report.xlsx
  Using sheet 0: 'Open Action Items'
[497/859] Media_Project_Kickoff_Presentation.xlsx
  Using sheet 0: 'Open Action Items'
[498/859] Media_Quality_Management_Plan.xlsx
  Using sheet 0: 'Change Management Overview'
[499/859] Media_RAID_Log.xlsx
  Using sheet 0: 'Open Action Items'
[500/859] Media_Requirements_Traceability_Matrix.xlsx
  Using sheet 0: 'Open Action Items'
[501/859] Media_Resource_Management_Plan.xlsx
  Using sheet 0: 'Resource Overview'
[502/859] Media_Resource_Plan_Staffing_Plan.xlsx
  Using sheet 0: 'Resource Overview'
[503/859] Media_Risk_Management_Plan.xlsx
  Using sheet 0: 'Change Management Overview'
[504/859] Media_Stakeholder_Engagement_Plan.xlsx
  Using sheet 0: 'Engagement Overview'
[505/859] Media_Stakeholder_Register.xlsx
  Using sheet 0: 'Communications Overview'
[506/859] Media_Stakeholder_Register_Analysis.xlsx
  Using sheet 0: 'Communications Overview'
[507/859] Media_Status_Report.xlsx
  Using sheet 0: 'Open Action Items'
[508/859] Media_Training_Budget_Estimates.xlsx
  Using sheet 1: 'Budget Summary'
[509/859] Media_Training_Needs_Assessment.xlsx
  Using sheet 0: 'Assessment Overview'
[510/859] Media_Training_Schedule.xlsx
  Using sheet 0: 'Training Schedule Overview'
[511/859] Media_WBS.xlsx
  Using sheet 0: 'Formula Documentation'
[512/859] Merger_and_Acquisition_Action_Item_Log.xlsx
  Using sheet 0: 'Open Action Items'
[513/859] Merger_and_Acquisition_Change_Management_Plan.xlsx
  Using sheet 0: 'Change Management Overview'
[514/859] Merger_and_Acquisition_Change_Request_Form.xlsx
  Using sheet 0: 'Change Management Overview'
[515/859] Merger_and_Acquisition_Communication_Plan.xlsx
  Using sheet 0: 'Communications Overview'
[516/859] Merger_and_Acquisition_Communications_Management_Plan.xlsx
  Using sheet 0: 'Communications Overview'
[517/859] Merger_and_Acquisition_Comprehensive_Budget.xlsx
  Using sheet 1: 'Budget Summary'
[518/859] Merger_and_Acquisition_Data_Readiness_Assessment.xlsx
  Using sheet 0: 'Assessment Overview'
[519/859] Merger_and_Acquisition_High_Level_Requirements_List.xlsx
  Using sheet 0: 'Open Action Items'
[520/859] Merger_and_Acquisition_KPI_Dashboard.xlsx
  Using sheet 1: 'KPI Dashboard'
[521/859] Merger_and_Acquisition_Lessons_Learned.xlsx
  Using sheet 0: 'Lessons Learned Overview'
[522/859] Merger_and_Acquisition_Procurement_Management_Plan.xlsx
  Using sheet 0: 'Procurement Overview'
[523/859] Merger_and_Acquisition_Procurement_Plan.xlsx
  Using sheet 0: 'Procurement Overview'
[524/859] Merger_and_Acquisition_Project_Closure_Report.xlsx
  Using sheet 0: 'Open Action Items'
[525/859] Merger_and_Acquisition_Project_Kickoff_Presentation.xlsx
  Using sheet 0: 'Open Action Items'
[526/859] Merger_and_Acquisition_Quality_Management_Plan.xlsx
  Using sheet 0: 'Change Management Overview'
[527/859] Merger_and_Acquisition_RAID_Log.xlsx
  Using sheet 0: 'Open Action Items'
[528/859] Network_RAID_Log.xlsx
  Using sheet 0: 'Open Action Items'
[529/859] Merger_and_Acquisition_Requirements_Traceability_Matrix.xlsx
  Using sheet 0: 'Open Action Items'
[530/859] Merger_and_Acquisition_Resource_Management_Plan.xlsx
  Using sheet 0: 'Resource Overview'
[531/859] Merger_and_Acquisition_Resource_Plan_Staffing_Plan.xlsx
  Using sheet 0: 'Resource Overview'
[532/859] Merger_and_Acquisition_Risk_Management_Plan.xlsx
  Using sheet 0: 'Change Management Overview'
[533/859] Merger_and_Acquisition_Stakeholder_Engagement_Plan.xlsx
  Using sheet 0: 'Engagement Overview'
[534/859] Merger_and_Acquisition_Stakeholder_Register.xlsx
  Using sheet 0: 'Communications Overview'
[535/859] Merger_and_Acquisition_Stakeholder_Register_Analysis.xlsx
  Using sheet 0: 'Communications Overview'
[536/859] Merger_and_Acquisition_Status_Report.xlsx
  Using sheet 0: 'Open Action Items'
[537/859] Merger_and_Acquisition_Training_Budget_Estimates.xlsx
  Using sheet 1: 'Budget Summary'
[538/859] Merger_and_Acquisition_Training_Needs_Assessment.xlsx
  Using sheet 0: 'Assessment Overview'
[539/859] Merger_and_Acquisition_Training_Schedule.xlsx
  Using sheet 0: 'Training Schedule Overview'
[540/859] Merger_and_Acquisition_WBS.xlsx
  Using sheet 0: 'Formula Documentation'
[541/859] Network_Change_Management_Plan.xlsx
  Using sheet 0: 'Change Management Overview'
