nohup: ignoring input
Found 955 screenshots to upload

[1/955] Uploading: AI_ML_Business_Case.png
  ✗ Failed
[2/955] Uploading: AI_ML_Change_Management_Plan_2025_PMI.png
  ✗ Failed
[3/955] Uploading: AI_ML_Change_Request_Form.png
  ✗ Failed
[4/955] Uploading: AI_ML_Communication_Plan.png
  ✗ Failed
[5/955] Uploading: AI_ML_Communications_Management_Plan_2025_PMI.png
  ✗ Failed
[6/955] Uploading: AI_ML_Comprehensive_Budget_with_Instructions_2025_PMI.png
  ✗ Failed
[7/955] Uploading: AI_ML_Data_Readiness_Assessment.png
  ✗ Failed
[8/955] Uploading: AI_ML_High_Level_Requirements_List.png
  ✗ Failed
[9/955] Uploading: AI_ML_KPI_Dashboard_with_Instructions_2025_PMI.png
  ✗ Failed
[10/955] Uploading: AI_ML_KPI_Report_Dashboard_2025_PMI.png
  ✗ Failed
[11/955] Uploading: AI_ML_Lessons_Learned_2025_PMI.png
  ✗ Failed
[12/955] Uploading: AI_ML_Open_Action_Item_Log_2025_PMI.png
  ✗ Failed
[13/955] Uploading: AI_ML_Procurement_Management_Plan_2025_PMI.png
  ✗ Failed
[14/955] Uploading: AI_ML_Procurement_Plan.png
  ✗ Failed
[15/955] Uploading: AI_ML_Project_Charter.png
  ✗ Failed
[16/955] Uploading: AI_ML_Project_Closure_Report.png
  ✗ Failed
[17/955] Uploading: AI_ML_Project_Kickoff_Presentation.png
  ✗ Failed
[18/955] Uploading: AI_ML_Project_Proposal_2025_PMI.png
  ✗ Failed
[19/955] Uploading: AI_ML_Quality_Management_Plan_2025_PMI.png
  ✗ Failed
[20/955] Uploading: AI_ML_RAID_Log.png
  ✗ Failed
[21/955] Uploading: AI_ML_Requirements_Traceability_Matrix.png
  ✗ Failed
[22/955] Uploading: AI_ML_Resource_Management_Plan.png
  ✗ Failed
[23/955] Uploading: AI_ML_Resource_Plan_Staffing_Plan_2025_PMI.png
  ✗ Failed
[24/955] Uploading: AI_ML_Risk_Management_Plan.png
  ✗ Failed
[25/955] Uploading: AI_ML_Stakeholder_Engagement_Plan_2025_PMI.png
  ✗ Failed
[26/955] Uploading: AI_ML_Stakeholder_Register.png
  ✗ Failed
[27/955] Uploading: AI_ML_Stakeholder_Register_Analysis.png
  ✗ Failed
[28/955] Uploading: AI_ML_Status_Report.png
  ✗ Failed
[29/955] Uploading: AI_ML_Training_Budget_Estimates_2025_PMI.png
  ✗ Failed
[30/955] Uploading: AI_ML_Training_Needs_Assessment_2025_PMI.png
  ✗ Failed
[31/955] Uploading: AI_ML_Training_Schedule_2025_PMI.png
  ✗ Failed
[32/955] Uploading: AI_ML_WBS_ProjectPlan_Exact_Template_2025_PMI.png
  ✗ Failed
[33/955] Uploading: Business_Process_Improvement_Action_Item_Log.png
  ✗ Failed
[34/955] Uploading: Business_Process_Improvement_Business_Case.png
  ✗ Failed
[35/955] Uploading: Business_Process_Improvement_Change_Management_Plan.png
  ✗ Failed
[36/955] Uploading: Business_Process_Improvement_Change_Request_Form.png
  ✗ Failed
[37/955] Uploading: Business_Process_Improvement_Communication_Plan.png
  ✗ Failed
[38/955] Uploading: Business_Process_Improvement_Communications_Management_Plan.png
  ✗ Failed
[39/955] Uploading: Business_Process_Improvement_Comprehensive_Budget.png
  ✗ Failed
[40/955] Uploading: Business_Process_Improvement_Data_Readiness_Assessment.png
  ✗ Failed
[41/955] Uploading: Business_Process_Improvement_High_Level_Requirements_List.png
  ✗ Failed
[42/955] Uploading: Business_Process_Improvement_KPI_Dashboard.png
  ✗ Failed
[43/955] Uploading: Business_Process_Improvement_Lessons_Learned.png
  ✗ Failed
[44/955] Uploading: Business_Process_Improvement_Procurement_Management_Plan.png
  ✗ Failed
[45/955] Uploading: Business_Process_Improvement_Procurement_Plan.png
  ✗ Failed
[46/955] Uploading: Business_Process_Improvement_Project_Charter.png
  ✗ Failed
[47/955] Uploading: Business_Process_Improvement_Project_Closure_Report.png
  ✗ Failed
[48/955] Uploading: Business_Process_Improvement_Project_Kickoff_Presentation.png
  ✗ Failed
[49/955] Uploading: Business_Process_Improvement_Project_Proposal.png
  ✗ Failed
[50/955] Uploading: Business_Process_Improvement_Quality_Management_Plan.png
  ✗ Failed

--- Progress: 50/955 (0 success, 50 failed, 0 skipped) ---

[51/955] Uploading: Business_Process_Improvement_RAID_Log.png
  ✗ Failed
[52/955] Uploading: Business_Process_Improvement_Requirements_Traceability_Matrix.png
  ✗ Failed
[53/955] Uploading: Business_Process_Improvement_Resource_Management_Plan.png
  ✗ Failed
[54/955] Uploading: Business_Process_Improvement_Resource_Plan_Staffing_Plan.png
  ✗ Failed
[55/955] Uploading: Business_Process_Improvement_Risk_Management_Plan.png
  ✗ Failed
[56/955] Uploading: Business_Process_Improvement_Stakeholder_Engagement_Plan.png
  ✗ Failed
[57/955] Uploading: Business_Process_Improvement_Stakeholder_Register.png
  ✗ Failed
[58/955] Uploading: Business_Process_Improvement_Stakeholder_Register_Analysis.png
  ✗ Failed
[59/955] Uploading: Business_Process_Improvement_Status_Report.png
  ✗ Failed
[60/955] Uploading: Business_Process_Improvement_Training_Budget_Estimates.png
  ✗ Failed
[61/955] Uploading: Business_Process_Improvement_Training_Needs_Assessment.png
  ✗ Failed
[62/955] Uploading: Business_Process_Improvement_Training_Schedule.png
  ✗ Failed
[63/955] Uploading: Business_Process_Improvement_WBS.png
  ✗ Failed
[64/955] Uploading: Cloud_Migration_Action_Item_Log.png
  ✗ Failed
[65/955] Uploading: Cloud_Migration_Business_Case.png
  ✗ Failed
[66/955] Uploading: Cloud_Migration_Change_Management_Plan.png
  ✗ Failed
[67/955] Uploading: Cloud_Migration_Change_Request_Form.png
  ✗ Failed
[68/955] Uploading: Cloud_Migration_Communication_Plan.png
  ✗ Failed
[69/955] Uploading: Cloud_Migration_Communications_Management_Plan.png
  ✗ Failed
[70/955] Uploading: Cloud_Migration_Comprehensive_Budget.png
  ✗ Failed
[71/955] Uploading: Cloud_Migration_Data_Readiness_Assessment.png
  ✗ Failed
[72/955] Uploading: Cloud_Migration_High_Level_Requirements_List.png
  ✗ Failed
[73/955] Uploading: Cloud_Migration_KPI_Dashboard.png
  ✗ Failed
[74/955] Uploading: Cloud_Migration_Lessons_Learned.png
  ✗ Failed
[75/955] Uploading: Cloud_Migration_Procurement_Management_Plan.png
  ✗ Failed
[76/955] Uploading: Cloud_Migration_Procurement_Plan.png
  ✗ Failed
[77/955] Uploading: Cloud_Migration_Project_Charter.png
  ✗ Failed
[78/955] Uploading: Cloud_Migration_Project_Closure_Report.png
  ✗ Failed
[79/955] Uploading: Cloud_Migration_Project_Kickoff_Presentation.png
  ✗ Failed
[80/955] Uploading: Cloud_Migration_Project_Proposal.png
  ✗ Failed
[81/955] Uploading: Cloud_Migration_Quality_Management_Plan.png
  ✗ Failed
[82/955] Uploading: Cloud_Migration_RAID_Log.png
  ✗ Failed
[83/955] Uploading: Cloud_Migration_Requirements_Traceability_Matrix.png
  ✗ Failed
[84/955] Uploading: Cloud_Migration_Resource_Management_Plan.png
  ✗ Failed
[85/955] Uploading: Cloud_Migration_Resource_Plan_Staffing_Plan.png
  ✗ Failed
[86/955] Uploading: Cloud_Migration_Risk_Management_Plan.png
  ✗ Failed
[87/955] Uploading: Cloud_Migration_Stakeholder_Engagement_Plan.png
  ✗ Failed
[88/955] Uploading: Cloud_Migration_Stakeholder_Register.png
  ✗ Failed
[89/955] Uploading: Cloud_Migration_Stakeholder_Register_Analysis.png
  ✗ Failed
[90/955] Uploading: Cloud_Migration_Status_Report.png
  ✗ Failed
[91/955] Uploading: Cloud_Migration_Training_Budget_Estimates.png
  ✗ Failed
[92/955] Uploading: Cloud_Migration_Training_Needs_Assessment.png
  ✗ Failed
[93/955] Uploading: Cloud_Migration_Training_Schedule.png
  ✗ Failed
[94/955] Uploading: Cloud_Migration_WBS.png
  ✗ Failed
[95/955] Uploading: Construction_Business_Case.png
  ✗ Failed
[96/955] Uploading: Construction_Change_Management_Plan.png
  ✗ Failed
[97/955] Uploading: Construction_Change_Request_Form.png
  ✗ Failed
[98/955] Uploading: Construction_Communication_Plan.png
  ✗ Failed
[99/955] Uploading: Construction_Communications_Management_Plan_2025_PMI.png
  ✗ Failed
[100/955] Uploading: Construction_Comprehensive_Budget.png
  ✗ Failed

--- Progress: 100/955 (0 success, 100 failed, 0 skipped) ---

[101/955] Uploading: Construction_Data_Readiness_Assessment.png
  ✗ Failed
[102/955] Uploading: Construction_Executive_RAID_Log_Complete_2025_PMI.png
  ✗ Failed
[103/955] Uploading: Construction_High_Level_Requirements_List_2025_PMI.png
  ✗ Failed
[104/955] Uploading: Construction_KPI_Dashboard.png
  ✗ Failed
[105/955] Uploading: Construction_KPI_Report_Dashboard_2025_PMI.png
  ✗ Failed
[106/955] Uploading: Construction_Lessons_Learned_2025_PMI.png
  ✗ Failed
[107/955] Uploading: Construction_Open_Action_Item_Log_2025_PMI.png
  ✗ Failed
[108/955] Uploading: Construction_Procurement_Management_Plan.png
  ✗ Failed
[109/955] Uploading: Construction_Procurement_Plan.png
  ✗ Failed
[110/955] Uploading: Construction_Project_Charter.png
  ✗ Failed
[111/955] Uploading: Construction_Project_Closure_Report.png
  ✗ Failed
[112/955] Uploading: Construction_Project_Kickoff_Presentation.png
  ✗ Failed
[113/955] Uploading: Construction_Project_Proposal_2025_PMI.png
  ✗ Failed
[114/955] Uploading: Construction_Quality_Management_Plan.png
  ✗ Failed
[115/955] Uploading: Construction_Requirements_Traceability_Matrix_2025_PMI.png
  ✗ Failed
[116/955] Uploading: Construction_Resource_Management_Plan.png
  ✗ Failed
[117/955] Uploading: Construction_Resource_Plan_Staffing_Plan_2025_PMI.png
  ✗ Failed
[118/955] Uploading: Construction_Risk_Management_Plan.png
  ✗ Failed
[119/955] Uploading: Construction_Stakeholder_Engagement_Plan.png
  ✗ Failed
[120/955] Uploading: Construction_Stakeholder_Register_Analysis_2025_PMI.png
  ✗ Failed
[121/955] Uploading: Construction_Status_Report.png
  ✗ Failed
[122/955] Uploading: Construction_Training_Budget_Estimates.png
  ✗ Failed
[123/955] Uploading: Construction_Training_Needs_Assessment.png
  ✗ Failed
[124/955] Uploading: Construction_Training_Schedule.png
  ✗ Failed
[125/955] Uploading: Construction_WBS.png
  ✗ Failed
[126/955] Uploading: Consulting_Action_Item_Log.png
  ✗ Failed
[127/955] Uploading: Consulting_Business_Case.png
  ✗ Failed
[128/955] Uploading: Consulting_Change_Management_Plan.png
  ✗ Failed
[129/955] Uploading: Consulting_Change_Request_Form.png
  ✗ Failed
[130/955] Uploading: Consulting_Communication_Plan.png
  ✗ Failed
[131/955] Uploading: Consulting_Communications_Management_Plan.png
  ✗ Failed
[132/955] Uploading: Consulting_Comprehensive_Budget.png
  ✗ Failed
[133/955] Uploading: Consulting_Data_Readiness_Assessment.png
  ✗ Failed
[134/955] Uploading: Consulting_High_Level_Requirements_List.png
  ✗ Failed
[135/955] Uploading: Consulting_KPI_Dashboard.png
  ✗ Failed
[136/955] Uploading: Consulting_Lessons_Learned.png
  ✗ Failed
[137/955] Uploading: Consulting_Procurement_Management_Plan.png
  ✗ Failed
[138/955] Uploading: Consulting_Procurement_Plan.png
  ✗ Failed
[139/955] Uploading: Consulting_Project_Charter.png
  ✗ Failed
[140/955] Uploading: Consulting_Project_Closure_Report.png
  ✗ Failed
[141/955] Uploading: Consulting_Project_Kickoff_Presentation.png
  ✗ Failed
[142/955] Uploading: Consulting_Project_Proposal.png
  ✗ Failed
[143/955] Uploading: Consulting_Quality_Management_Plan.png
  ✗ Failed
[144/955] Uploading: Consulting_RAID_Log.png
  ✗ Failed
[145/955] Uploading: Consulting_Requirements_Traceability_Matrix.png
  ✗ Failed
[146/955] Uploading: Consulting_Resource_Management_Plan.png
  ✗ Failed
[147/955] Uploading: Consulting_Resource_Plan_Staffing_Plan.png
  ✗ Failed
[148/955] Uploading: Consulting_Risk_Management_Plan.png
  ✗ Failed
[149/955] Uploading: Consulting_Stakeholder_Engagement_Plan.png
  ✗ Failed
[150/955] Uploading: Consulting_Stakeholder_Register.png
  ✗ Failed

--- Progress: 150/955 (0 success, 150 failed, 0 skipped) ---

[151/955] Uploading: Consulting_Stakeholder_Register_Analysis.png
  ✗ Failed
[152/955] Uploading: Consulting_Status_Report.png
  ✗ Failed
[153/955] Uploading: Consulting_Training_Budget_Estimates.png
  ✗ Failed
[154/955] Uploading: Consulting_Training_Needs_Assessment.png
  ✗ Failed
[155/955] Uploading: Consulting_Training_Schedule.png
  ✗ Failed
[156/955] Uploading: Consulting_WBS.png
  ✗ Failed
[157/955] Uploading: Customer_Experience_Action_Item_Log.png
  ✗ Failed
[158/955] Uploading: Customer_Experience_Business_Case.png
  ✗ Failed
[159/955] Uploading: Customer_Experience_Change_Management_Plan.png
  ✗ Failed
[160/955] Uploading: Customer_Experience_Change_Request_Form.png
  ✗ Failed
[161/955] Uploading: Customer_Experience_Communication_Plan.png
  ✗ Failed
[162/955] Uploading: Customer_Experience_Communications_Management_Plan.png
  ✗ Failed
[163/955] Uploading: Customer_Experience_Comprehensive_Budget.png
  ✗ Failed
[164/955] Uploading: Customer_Experience_Data_Readiness_Assessment.png
  ✗ Failed
[165/955] Uploading: Customer_Experience_High_Level_Requirements_List.png
  ✗ Failed
[166/955] Uploading: Customer_Experience_KPI_Dashboard.png
  ✗ Failed
[167/955] Uploading: Customer_Experience_Lessons_Learned.png
  ✗ Failed
[168/955] Uploading: Customer_Experience_Procurement_Management_Plan.png
  ✗ Failed
[169/955] Uploading: Customer_Experience_Procurement_Plan.png
  ✗ Failed
[170/955] Uploading: Customer_Experience_Project_Charter.png
  ✗ Failed
[171/955] Uploading: Customer_Experience_Project_Closure_Report.png
  ✗ Failed
[172/955] Uploading: Customer_Experience_Project_Kickoff_Presentation.png
  ✗ Failed
[173/955] Uploading: Customer_Experience_Project_Proposal.png
  ✗ Failed
[174/955] Uploading: Customer_Experience_Quality_Management_Plan.png
  ✗ Failed
[175/955] Uploading: Customer_Experience_RAID_Log.png
  ✗ Failed
[176/955] Uploading: Customer_Experience_Requirements_Traceability_Matrix.png
  ✗ Failed
[177/955] Uploading: Customer_Experience_Resource_Management_Plan.png
  ✗ Failed
[178/955] Uploading: Customer_Experience_Resource_Plan_Staffing_Plan.png
  ✗ Failed
[179/955] Uploading: Customer_Experience_Risk_Management_Plan.png
  ✗ Failed
[180/955] Uploading: Customer_Experience_Stakeholder_Engagement_Plan.png
  ✗ Failed
[181/955] Uploading: Customer_Experience_Stakeholder_Register.png
  ✗ Failed
[182/955] Uploading: Customer_Experience_Stakeholder_Register_Analysis.png
  ✗ Failed
[183/955] Uploading: Customer_Experience_Status_Report.png
  ✗ Failed
[184/955] Uploading: Customer_Experience_Training_Budget_Estimates.png
  ✗ Failed
[185/955] Uploading: Customer_Experience_Training_Needs_Assessment.png
  ✗ Failed
[186/955] Uploading: Customer_Experience_Training_Schedule.png
  ✗ Failed
[187/955] Uploading: Customer_Experience_WBS.png
  ✗ Failed
[188/955] Uploading: Cybersecurity_Business_Case.png
  ✗ Failed
[189/955] Uploading: Cybersecurity_Change_Management_Plan.png
  ✗ Failed
[190/955] Uploading: Cybersecurity_Change_Request_Form.png
  ✗ Failed
[191/955] Uploading: Cybersecurity_Communication_Plan.png
  ✗ Failed
[192/955] Uploading: Cybersecurity_Communications_Management_Plan.png
  ✗ Failed
[193/955] Uploading: Cybersecurity_Comprehensive_Budget.png
  ✗ Failed
[194/955] Uploading: Cybersecurity_Data_Readiness_Assessment_2025_PMI.png
  ✗ Failed
[195/955] Uploading: Cybersecurity_High_Level_Requirements_List.png
  ✗ Failed
[196/955] Uploading: Cybersecurity_KPI_Dashboard.png
  ✗ Failed
[197/955] Uploading: Cybersecurity_KPI_Report_Dashboard_2025_PMI.png
  ✗ Failed
[198/955] Uploading: Cybersecurity_Lessons_Learned_2025_PMI.png
  ✗ Failed
[199/955] Uploading: Cybersecurity_Model_Feasibility_Evaluation_2025_PMI.png
  ✗ Failed
[200/955] Uploading: Cybersecurity_Open_Action_Item_Log_2025_PMI.png
  ✗ Failed

--- Progress: 200/955 (0 success, 200 failed, 0 skipped) ---

[201/955] Uploading: Cybersecurity_Procurement_Management_Plan_2025_PMI.png
  ✗ Failed
[202/955] Uploading: Cybersecurity_Procurement_Plan.png
  ✗ Failed
[203/955] Uploading: Cybersecurity_Project_Charter.png
  ✗ Failed
[204/955] Uploading: Cybersecurity_Project_Closure_Report.png
  ✗ Failed
[205/955] Uploading: Cybersecurity_Project_Kickoff_Presentation.png
  ✗ Failed
[206/955] Uploading: Cybersecurity_Project_Proposal_2025_PMI.png
  ✗ Failed
[207/955] Uploading: Cybersecurity_Quality_Management_Plan.png
  ✗ Failed
[208/955] Uploading: Cybersecurity_RAID_Log.png
  ✗ Failed
[209/955] Uploading: Cybersecurity_Requirements_Traceability_Matrix.png
  ✗ Failed
[210/955] Uploading: Cybersecurity_Resource_Management_Plan.png
  ✗ Failed
